0 info it worked if it ends with ok
1 verbose cli [ '/usr/local/opt/nvm/v0.10.33/bin/node',
1 verbose cli   '/usr/local/opt/nvm/v0.10.33/bin/npm',
1 verbose cli   'install' ]
2 info using npm@1.4.28
3 info using node@v0.10.33
4 verbose node symlink /usr/local/opt/nvm/v0.10.33/bin/node
5 verbose readDependencies using package.json deps
6 verbose install where, deps [ '/Users/Joey/Documents/JSpoker/poker-hand-comparison',
6 verbose install   [ 'express', 'flux', 'react', 'underscore' ] ]
7 info preinstall Joeys-Poker-Palooze@1.0.0
8 verbose readDependencies using package.json deps
9 verbose already installed skipping express@^4.13.4 /Users/Joey/Documents/JSpoker/poker-hand-comparison
10 verbose already installed skipping flux@^2.1.1 /Users/Joey/Documents/JSpoker/poker-hand-comparison
11 verbose already installed skipping react@^0.14.7 /Users/Joey/Documents/JSpoker/poker-hand-comparison
12 verbose already installed skipping underscore@^1.8.3 /Users/Joey/Documents/JSpoker/poker-hand-comparison
13 silly resolved []
14 info build /Users/Joey/Documents/JSpoker/poker-hand-comparison
15 verbose linkStuff [ false, false, false, '/Users/Joey/Documents/JSpoker' ]
16 info linkStuff Joeys-Poker-Palooze@1.0.0
17 verbose linkBins Joeys-Poker-Palooze@1.0.0
18 verbose linkMans Joeys-Poker-Palooze@1.0.0
19 verbose rebuildBundles Joeys-Poker-Palooze@1.0.0
20 verbose rebuildBundles [ '.bin',
20 verbose rebuildBundles   'browserify',
20 verbose rebuildBundles   'envify',
20 verbose rebuildBundles   'express',
20 verbose rebuildBundles   'flux',
20 verbose rebuildBundles   'react',
20 verbose rebuildBundles   'underscore' ]
21 verbose rebuild bundle /Users/Joey/Documents/JSpoker/poker-hand-comparison/node_modules/browserify
22 info build /Users/Joey/Documents/JSpoker/poker-hand-comparison/node_modules/browserify
23 info preinstall browserify@13.0.0
24 verbose linkStuff [ false,
24 verbose linkStuff   false,
24 verbose linkStuff   false,
24 verbose linkStuff   '/Users/Joey/Documents/JSpoker/poker-hand-comparison/node_modules' ]
25 info linkStuff browserify@13.0.0
26 verbose linkBins browserify@13.0.0
27 verbose link bins [ { browserify: 'bin/cmd.js' },
27 verbose link bins   '/Users/Joey/Documents/JSpoker/poker-hand-comparison/node_modules/.bin',
27 verbose link bins   false ]
28 verbose linkMans browserify@13.0.0
29 verbose rebuildBundles browserify@13.0.0
30 verbose rebuildBundles [ '.bin',
30 verbose rebuildBundles   'JSONStream',
30 verbose rebuildBundles   'assert',
30 verbose rebuildBundles   'browser-pack',
30 verbose rebuildBundles   'browser-resolve',
30 verbose rebuildBundles   'browserify-zlib',
30 verbose rebuildBundles   'buffer',
30 verbose rebuildBundles   'concat-stream',
30 verbose rebuildBundles   'console-browserify',
30 verbose rebuildBundles   'constants-browserify',
30 verbose rebuildBundles   'crypto-browserify',
30 verbose rebuildBundles   'defined',
30 verbose rebuildBundles   'deps-sort',
30 verbose rebuildBundles   'domain-browser',
30 verbose rebuildBundles   'duplexer2',
30 verbose rebuildBundles   'events',
30 verbose rebuildBundles   'glob',
30 verbose rebuildBundles   'has',
30 verbose rebuildBundles   'htmlescape',
30 verbose rebuildBundles   'https-browserify',
30 verbose rebuildBundles   'inherits',
30 verbose rebuildBundles   'insert-module-globals',
30 verbose rebuildBundles   'isarray',
30 verbose rebuildBundles   'labeled-stream-splicer',
30 verbose rebuildBundles   'module-deps',
30 verbose rebuildBundles   'os-browserify',
30 verbose rebuildBundles   'parents',
30 verbose rebuildBundles   'path-browserify',
30 verbose rebuildBundles   'process',
30 verbose rebuildBundles   'punycode',
30 verbose rebuildBundles   'querystring-es3',
30 verbose rebuildBundles   'read-only-stream',
30 verbose rebuildBundles   'readable-stream',
30 verbose rebuildBundles   'resolve',
30 verbose rebuildBundles   'shasum',
30 verbose rebuildBundles   'shell-quote',
30 verbose rebuildBundles   'stream-browserify',
30 verbose rebuildBundles   'stream-http',
30 verbose rebuildBundles   'string_decoder',
30 verbose rebuildBundles   'subarg',
30 verbose rebuildBundles   'syntax-error',
30 verbose rebuildBundles   'through2',
30 verbose rebuildBundles   'timers-browserify',
30 verbose rebuildBundles   'tty-browserify',
30 verbose rebuildBundles   'url',
30 verbose rebuildBundles   'util',
30 verbose rebuildBundles   'vm-browserify',
30 verbose rebuildBundles   'xtend' ]
31 error Error: EACCES, unlink '/Users/Joey/Documents/JSpoker/poker-hand-comparison/node_modules/.bin/browserify'
31 error  { [Error: EACCES, unlink '/Users/Joey/Documents/JSpoker/poker-hand-comparison/node_modules/.bin/browserify']
31 error   errno: 3,
31 error   code: 'EACCES',
31 error   path: '/Users/Joey/Documents/JSpoker/poker-hand-comparison/node_modules/.bin/browserify' }
32 error Please try running this command again as root/Administrator.
33 error System Darwin 15.0.0
34 error command "/usr/local/opt/nvm/v0.10.33/bin/node" "/usr/local/opt/nvm/v0.10.33/bin/npm" "install"
35 error cwd /Users/Joey/Documents/JSpoker/poker-hand-comparison
36 error node -v v0.10.33
37 error npm -v 1.4.28
38 error path /Users/Joey/Documents/JSpoker/poker-hand-comparison/node_modules/.bin/browserify
39 error code EACCES
40 error errno 3
41 error stack Error: EACCES, unlink '/Users/Joey/Documents/JSpoker/poker-hand-comparison/node_modules/.bin/browserify'
42 verbose exit [ 3, true ]
